#
# There is insufficient memory for the Java Runtime Environment to continue.
# Native memory allocation (malloc) failed to allocate 1782256 bytes for Chunk::new
# Possible reasons:
#   The system is out of physical RAM or swap space
#   The process is running with CompressedOops enabled, and the Java Heap may be blocking the growth of the native heap
# Possible solutions:
#   Reduce memory load on the system
#   Increase physical memory or swap space
#   Check if swap backing store is full
#   Decrease Java heap size (-Xmx/-Xms)
#   Decrease number of Java threads
#   Decrease Java thread stack sizes (-Xss)
#   Set larger code cache with -XX:ReservedCodeCacheSize=
#   JVM is running with Unscaled Compressed Oops mode in which the Java heap is
#     placed in the first 4GB address space. The Java Heap base address is the
#     maximum limit for the native heap growth. Please use -XX:HeapBaseMinAddress
#     to set the Java Heap base and to place the Java Heap above 4GB virtual address.
# This output file may be truncated or incomplete.
#
#  Out of Memory Error (./src/hotspot/share/memory/arena.cpp:197), pid=11380, tid=5864
#
# JRE version: OpenJDK Runtime Environment (11.0.11+9) (build 11.0.11+9-b60-7590822)
# Java VM: OpenJDK 64-Bit Server VM (11.0.11+9-b60-7590822, mixed mode, tiered, compressed oops, g1 gc, windows-amd64)
# No core dump will be written. Minidumps are not enabled by default on client versions of Windows
#

---------------  S U M M A R Y ------------

Command Line: --add-opens=java.base/java.util=ALL-UNNAMED --add-opens=java.base/java.lang=ALL-UNNAMED --add-opens=java.base/java.lang.invoke=ALL-UNNAMED --add-opens=java.base/java.util=ALL-UNNAMED --add-opens=java.prefs/java.util.prefs=ALL-UNNAMED --add-opens=java.prefs/java.util.prefs=ALL-UNNAMED --add-opens=java.base/java.nio.charset=ALL-UNNAMED --add-opens=java.base/java.net=ALL-UNNAMED --add-opens=java.base/java.util.concurrent.atomic=ALL-UNNAMED -Xmx2048m -Dfile.encoding=UTF-8 -Duser.country=US -Duser.language=en -Duser.variant org.gradle.launcher.daemon.bootstrap.GradleDaemon 7.2

Host: Intel(R) Core(TM) i5-8250U CPU @ 1.60GHz, 8 cores, 7G,  Windows 10 , 64 bit Build 22000 (10.0.22000.434)
Time: Fri Mar 18 09:47:38 2022 W. Europe Standard Time elapsed time: 11.605419 seconds (0d 0h 0m 11s)

---------------  T H R E A D  ---------------

Current thread (0x00000227bf582000):  JavaThread "C2 CompilerThread0" daemon [_thread_in_native, id=5864, stack(0x000000ebfe100000,0x000000ebfe200000)]


Current CompileTask:
C2:  11605 5238       4       groovy.lang.MetaClassImpl$1MOPIter::methodNameAction (325 bytes)

Stack: [0x000000ebfe100000,0x000000ebfe200000]
Native frames: (J=compiled Java code, j=interpreted, Vv=VM code, C=native code)
V  [jvm.dll+0x5f214a]
V  [jvm.dll+0x726fb5]
V  [jvm.dll+0x7285cd]
V  [jvm.dll+0x728c83]
V  [jvm.dll+0x243278]
V  [jvm.dll+0xbc53c]
V  [jvm.dll+0xbca3c]
V  [jvm.dll+0x353e7d]
V  [jvm.dll+0x321893]
V  [jvm.dll+0x320d8a]
V  [jvm.dll+0x1fc1e2]
V  [jvm.dll+0x1fb3d4]
V  [jvm.dll+0x183d6c]
V  [jvm.dll+0x209a57]
V  [jvm.dll+0x2082a1]
V  [jvm.dll+0x6ef58f]
V  [jvm.dll+0x6e80b5]
V  [jvm.dll+0x5f1036]
C  [ucrtbase.dll+0x26c0c]
C  [KERNEL32.DLL+0x154e0]
C  [ntdll.dll+0x485b]


---------------  P R O C E S S  ---------------

Threads class SMR info:
_java_thread_list=0x00000227c3d73f60, length=121, elements={
0x00000227a48a9800, 0x00000227bf517800, 0x00000227bf524000, 0x00000227bf57e800,
0x00000227bf580000, 0x00000227bf581000, 0x00000227bf582000, 0x00000227bf583800,
0x00000227bf58c800, 0x00000227bf6ea800, 0x00000227c0328000, 0x00000227c0803000,
0x00000227c17bf800, 0x00000227c15ca800, 0x00000227c06b5000, 0x00000227c17f5000,
0x00000227c19f1000, 0x00000227c193b800, 0x00000227c1b28800, 0x00000227c1a10000,
0x00000227c1a0b000, 0x00000227c1a0d800, 0x00000227c1a11800, 0x00000227c1a10800,
0x00000227c1a0c000, 0x00000227c1a0e800, 0x00000227c1a0c800, 0x00000227c1a0f000,
0x00000227c3164800, 0x00000227c3163800, 0x00000227c3167000, 0x00000227c3169800,
0x00000227c316a000, 0x00000227c316b000, 0x00000227c3165000, 0x00000227c316d800,
0x00000227c316c000, 0x00000227c3167800, 0x00000227c316e000, 0x00000227c316f000,
0x00000227c3170000, 0x00000227c3170800, 0x00000227c3171800, 0x00000227c3172800,
0x00000227c316c800, 0x00000227c3c57000, 0x00000227c3c56000, 0x00000227c3c51800,
0x00000227c3c58000, 0x00000227c3c52000, 0x00000227c3c55800, 0x00000227c3c58800,
0x00000227c3c53000, 0x00000227c3c59800, 0x00000227c3c53800, 0x00000227c3c5a800,
0x00000227c3c54800, 0x00000227c3c5b000, 0x00000227c3c5c000, 0x00000227c3c5c800,
0x00000227c3c5d800, 0x00000227c3c5e800, 0x00000227c3c60000, 0x00000227c3c5f000,
0x00000227c1e18000, 0x00000227c1e1a000, 0x00000227c1e1a800, 0x00000227c1e1b800,
0x00000227c1e1e000, 0x00000227c1e1d000, 0x00000227c1e1c000, 0x00000227c1e1e800,
0x00000227c1e19000, 0x00000227c1e22000, 0x00000227c1e21000, 0x00000227c1e25000,
0x00000227c1e23000, 0x00000227c1e23800, 0x00000227c1e24800, 0x00000227c1e20800,
0x00000227c1e1f800, 0x00000227c1e26000, 0x00000227c1e27000, 0x00000227c3e15000,
0x00000227c3e16000, 0x00000227c3e10800, 0x00000227c3e11000, 0x00000227c3e14800,
0x00000227c3e17000, 0x00000227c3e12800, 0x00000227c3e13800, 0x00000227c3e17800,
0x00000227c3e12000, 0x00000227c3e1c800, 0x00000227c3e1b000, 0x00000227c3e1a000,
0x00000227c3e1d800, 0x00000227c3e1b800, 0x00000227c3e19800, 0x00000227c3e1e000,
0x00000227c3e18800, 0x00000227c3e1f000, 0x00000227c1dff800, 0x00000227c1dfe000,
0x00000227c1dfd000, 0x00000227c1dfb800, 0x00000227c1dfe800, 0x00000227c1e00800,
0x00000227c1dfa800, 0x00000227c1e01000, 0x00000227c1e02000, 0x00000227c1dfc000,
0x00000227c1e05000, 0x00000227c1e04800, 0x00000227c1e03800, 0x00000227c1e07000,
0x00000227c1e06000, 0x00000227c1e07800, 0x00000227c1e03000, 0x00000227c1e08800,
0x00000227c1e09800
}

Java Threads: ( => current thread )
  0x00000227a48a9800 JavaThread "main" [_thread_blocked, id=1940, stack(0x000000ebfd500000,0x000000ebfd600000)]
  0x00000227bf517800 JavaThread "Reference Handler" daemon [_thread_blocked, id=7724, stack(0x000000ebfdc00000,0x000000ebfdd00000)]
  0x00000227bf524000 JavaThread "Finalizer" daemon [_thread_blocked, id=24288, stack(0x000000ebfdd00000,0x000000ebfde00000)]
  0x00000227bf57e800 JavaThread "Signal Dispatcher" daemon [_thread_blocked, id=15664, stack(0x000000ebfde00000,0x000000ebfdf00000)]
  0x00000227bf580000 JavaThread "Attach Listener" daemon [_thread_blocked, id=21400, stack(0x000000ebfdf00000,0x000000ebfe000000)]
  0x00000227bf581000 JavaThread "Service Thread" daemon [_thread_blocked, id=9172, stack(0x000000ebfe000000,0x000000ebfe100000)]
=>0x00000227bf582000 JavaThread "C2 CompilerThread0" daemon [_thread_in_native, id=5864, stack(0x000000ebfe100000,0x000000ebfe200000)]
  0x00000227bf583800 JavaThread "C1 CompilerThread0" daemon [_thread_blocked, id=13600, stack(0x000000ebfe200000,0x000000ebfe300000)]
  0x00000227bf58c800 JavaThread "Sweeper thread" daemon [_thread_blocked, id=25788, stack(0x000000ebfe300000,0x000000ebfe400000)]
  0x00000227bf6ea800 JavaThread "Common-Cleaner" daemon [_thread_blocked, id=26104, stack(0x000000ebfe400000,0x000000ebfe500000)]
  0x00000227c0328000 JavaThread "Daemon health stats" [_thread_blocked, id=20788, stack(0x000000ebfe800000,0x000000ebfe900000)]
  0x00000227c0803000 JavaThread "Incoming local TCP Connector on port 52297" [_thread_in_native, id=21708, stack(0x000000ebfe900000,0x000000ebfea00000)]
  0x00000227c17bf800 JavaThread "Daemon periodic checks" [_thread_blocked, id=16504, stack(0x000000ebfea00000,0x000000ebfeb00000)]
  0x00000227c15ca800 JavaThread "Daemon" [_thread_blocked, id=26572, stack(0x000000ebfeb00000,0x000000ebfec00000)]
  0x00000227c06b5000 JavaThread "Handler for socket connection from /127.0.0.1:52297 to /127.0.0.1:52298" [_thread_in_native, id=2332, stack(0x000000ebfec00000,0x000000ebfed00000)]
  0x00000227c17f5000 JavaThread "Cancel handler" [_thread_blocked, id=21036, stack(0x000000ebfed00000,0x000000ebfee00000)]
  0x00000227c19f1000 JavaThread "Daemon worker" [_thread_in_vm_trans, id=12240, stack(0x000000ebfee00000,0x000000ebfef00000)]
  0x00000227c193b800 JavaThread "Asynchronous log dispatcher for DefaultDaemonConnection: socket connection from /127.0.0.1:52297 to /127.0.0.1:52298" [_thread_blocked, id=19752, stack(0x000000ebfef00000,0x000000ebff000000)]
  0x00000227c1b28800 JavaThread "Stdin handler" [_thread_blocked, id=2404, stack(0x000000ebff000000,0x000000ebff100000)]
  0x00000227c1a10000 JavaThread "Daemon client event forwarder" [_thread_blocked, id=5196, stack(0x000000ebff100000,0x000000ebff200000)]
  0x00000227c1a0b000 JavaThread "Cache worker for journal cache (C:\Users\yukiy\.gradle\caches\journal-1)" [_thread_blocked, id=16172, stack(0x000000ebff200000,0x000000ebff300000)]
  0x00000227c1a0d800 JavaThread "File lock request listener" [_thread_in_native, id=900, stack(0x000000ebff300000,0x000000ebff400000)]
  0x00000227c1a11800 JavaThread "Cache worker for file hash cache (C:\Users\yukiy\.gradle\caches\7.2\fileHashes)" [_thread_blocked, id=26216, stack(0x000000ebff400000,0x000000ebff500000)]
  0x00000227c1a10800 JavaThread "Cache worker for file hash cache (C:\Users\yukiy\Documents\0. Learn Coding\Codepath\1. codepath-android-flashcard-app\.gradle\7.2\fileHashes)" [_thread_blocked, id=4748, stack(0x000000ebffb00000,0x000000ebffc00000)]
  0x00000227c1a0c000 JavaThread "File watcher server" daemon [_thread_in_native, id=5188, stack(0x000000ebffc00000,0x000000ebffd00000)]
  0x00000227c1a0e800 JavaThread "File watcher consumer" daemon [_thread_blocked, id=15808, stack(0x000000ebffd00000,0x000000ebffe00000)]
  0x00000227c1a0c800 JavaThread "Cache worker for checksums cache (C:\Users\yukiy\Documents\0. Learn Coding\Codepath\1. codepath-android-flashcard-app\.gradle\checksums)" [_thread_blocked, id=24676, stack(0x000000ebffe00000,0x000000ebfff00000)]
  0x00000227c1a0f000 JavaThread "Cache worker for cache directory md-supplier (C:\Users\yukiy\.gradle\caches\7.2\md-supplier)" [_thread_blocked, id=8816, stack(0x000000ebfff00000,0x000000ec00000000)]
  0x00000227c3164800 JavaThread "Cache worker for cache directory md-rule (C:\Users\yukiy\.gradle\caches\7.2\md-rule)" [_thread_blocked, id=13304, stack(0x000000eb80000000,0x000000eb80100000)]
  0x00000227c3163800 JavaThread "Cache worker for execution history cache (C:\Users\yukiy\.gradle\caches\7.2\executionHistory)" [_thread_blocked, id=23072, stack(0x000000eb80100000,0x000000eb80200000)]
  0x00000227c3167000 JavaThread "jar transforms" [_thread_blocked, id=7660, stack(0x000000eb80200000,0x000000eb80300000)]
  0x00000227c3169800 JavaThread "Cache worker for file content cache (C:\Users\yukiy\.gradle\caches\7.2\fileContent)" [_thread_blocked, id=25912, stack(0x000000eb80300000,0x000000eb80400000)]
  0x00000227c316a000 JavaThread "jar transforms Thread 2" [_thread_blocked, id=20108, stack(0x000000eb80400000,0x000000eb80500000)]
  0x00000227c316b000 JavaThread "Cache worker for dependencies-accessors (C:\Users\yukiy\Documents\0. Learn Coding\Codepath\1. codepath-android-flashcard-app\.gradle\7.2\dependencies-accessors)" [_thread_blocked, id=19012, stack(0x000000eb80500000,0x000000eb80600000)]
  0x00000227c3165000 JavaThread "jar transforms Thread 3" [_thread_blocked, id=14872, stack(0x000000eb80600000,0x000000eb80700000)]
  0x00000227c316d800 JavaThread "Cache worker for Build Output Cleanup Cache (C:\Users\yukiy\Documents\0. Learn Coding\Codepath\1. codepath-android-flashcard-app\.gradle\buildOutputCleanup)" [_thread_blocked, id=13904, stack(0x000000eb80700000,0x000000eb80800000)]
  0x00000227c316c000 JavaThread "Unconstrained build operations" [_thread_blocked, id=5208, stack(0x000000eb80800000,0x000000eb80900000)]
  0x00000227c3167800 JavaThread "Unconstrained build operations Thread 2" [_thread_blocked, id=16100, stack(0x000000eb80900000,0x000000eb80a00000)]
  0x00000227c316e000 JavaThread "Unconstrained build operations Thread 3" [_thread_blocked, id=23836, stack(0x000000eb80a00000,0x000000eb80b00000)]
  0x00000227c316f000 JavaThread "Unconstrained build operations Thread 4" [_thread_blocked, id=19996, stack(0x000000eb80b00000,0x000000eb80c00000)]
  0x00000227c3170000 JavaThread "Unconstrained build operations Thread 5" [_thread_blocked, id=19692, stack(0x000000eb80c00000,0x000000eb80d00000)]
  0x00000227c3170800 JavaThread "Unconstrained build operations Thread 6" [_thread_blocked, id=15952, stack(0x000000eb80d00000,0x000000eb80e00000)]
  0x00000227c3171800 JavaThread "Unconstrained build operations Thread 7" [_thread_blocked, id=15460, stack(0x000000eb80e00000,0x000000eb80f00000)]
  0x00000227c3172800 JavaThread "Unconstrained build operations Thread 8" [_thread_blocked, id=11744, stack(0x000000eb80f00000,0x000000eb81000000)]
  0x00000227c316c800 JavaThread "Unconstrained build operations Thread 9" [_thread_blocked, id=18724, stack(0x000000eb81000000,0x000000eb81100000)]
  0x00000227c3c57000 JavaThread "Unconstrained build operations Thread 10" [_thread_blocked, id=25160, stack(0x000000eb81100000,0x000000eb81200000)]
  0x00000227c3c56000 JavaThread "Unconstrained build operations Thread 11" [_thread_blocked, id=12020, stack(0x000000eb81200000,0x000000eb81300000)]
  0x00000227c3c51800 JavaThread "Unconstrained build operations Thread 12" [_thread_blocked, id=18868, stack(0x000000eb81300000,0x000000eb81400000)]
  0x00000227c3c58000 JavaThread "Unconstrained build operations Thread 13" [_thread_blocked, id=25560, stack(0x000000eb81400000,0x000000eb81500000)]
  0x00000227c3c52000 JavaThread "Unconstrained build operations Thread 14" [_thread_blocked, id=21256, stack(0x000000eb81500000,0x000000eb81600000)]
  0x00000227c3c55800 JavaThread "Unconstrained build operations Thread 15" [_thread_blocked, id=14780, stack(0x000000eb81600000,0x000000eb81700000)]
  0x00000227c3c58800 JavaThread "Unconstrained build operations Thread 16" [_thread_blocked, id=23448, stack(0x000000eb81700000,0x000000eb81800000)]
  0x00000227c3c53000 JavaThread "Unconstrained build operations Thread 17" [_thread_blocked, id=5752, stack(0x000000eb81800000,0x000000eb81900000)]
  0x00000227c3c59800 JavaThread "Unconstrained build operations Thread 18" [_thread_blocked, id=15764, stack(0x000000eb81900000,0x000000eb81a00000)]
  0x00000227c3c53800 JavaThread "Unconstrained build operations Thread 19" [_thread_blocked, id=13084, stack(0x000000eb81a00000,0x000000eb81b00000)]
  0x00000227c3c5a800 JavaThread "Unconstrained build operations Thread 20" [_thread_blocked, id=24684, stack(0x000000eb81b00000,0x000000eb81c00000)]
  0x00000227c3c54800 JavaThread "Unconstrained build operations Thread 21" [_thread_blocked, id=11932, stack(0x000000eb81c00000,0x000000eb81d00000)]
  0x00000227c3c5b000 JavaThread "Unconstrained build operations Thread 22" [_thread_blocked, id=12068, stack(0x000000eb81d00000,0x000000eb81e00000)]
  0x00000227c3c5c000 JavaThread "Unconstrained build operations Thread 23" [_thread_blocked, id=25688, stack(0x000000eb81e00000,0x000000eb81f00000)]
  0x00000227c3c5c800 JavaThread "Unconstrained build operations Thread 24" [_thread_blocked, id=1416, stack(0x000000eb81f00000,0x000000eb82000000)]
  0x00000227c3c5d800 JavaThread "Unconstrained build operations Thread 25" [_thread_blocked, id=12692, stack(0x000000eb82000000,0x000000eb82100000)]
  0x00000227c3c5e800 JavaThread "Unconstrained build operations Thread 26" [_thread_blocked, id=16508, stack(0x000000eb82100000,0x000000eb82200000)]
  0x00000227c3c60000 JavaThread "Unconstrained build operations Thread 27" [_thread_blocked, id=18952, stack(0x000000eb82200000,0x000000eb82300000)]
  0x00000227c3c5f000 JavaThread "Unconstrained build operations Thread 28" [_thread_blocked, id=11260, stack(0x000000eb82300000,0x000000eb82400000)]
  0x00000227c1e18000 JavaThread "Unconstrained build operations Thread 29" [_thread_blocked, id=8856, stack(0x000000eb82400000,0x000000eb82500000)]
  0x00000227c1e1a000 JavaThread "Unconstrained build operations Thread 30" [_thread_blocked, id=26000, stack(0x000000eb82500000,0x000000eb82600000)]
  0x00000227c1e1a800 JavaThread "Unconstrained build operations Thread 31" [_thread_blocked, id=8240, stack(0x000000eb82600000,0x000000eb82700000)]
  0x00000227c1e1b800 JavaThread "Unconstrained build operations Thread 32" [_thread_blocked, id=15432, stack(0x000000eb82700000,0x000000eb82800000)]
  0x00000227c1e1e000 JavaThread "Unconstrained build operations Thread 33" [_thread_blocked, id=7836, stack(0x000000eb82800000,0x000000eb82900000)]
  0x00000227c1e1d000 JavaThread "Unconstrained build operations Thread 34" [_thread_blocked, id=6152, stack(0x000000eb82900000,0x000000eb82a00000)]
  0x00000227c1e1c000 JavaThread "Unconstrained build operations Thread 35" [_thread_blocked, id=23104, stack(0x000000eb82a00000,0x000000eb82b00000)]
  0x00000227c1e1e800 JavaThread "Unconstrained build operations Thread 36" [_thread_blocked, id=26456, stack(0x000000eb82b00000,0x000000eb82c00000)]
  0x00000227c1e19000 JavaThread "Unconstrained build operations Thread 37" [_thread_blocked, id=26472, stack(0x000000eb82c00000,0x000000eb82d00000)]
  0x00000227c1e22000 JavaThread "Unconstrained build operations Thread 38" [_thread_blocked, id=8848, stack(0x000000eb82d00000,0x000000eb82e00000)]
  0x00000227c1e21000 JavaThread "Unconstrained build operations Thread 39" [_thread_blocked, id=12648, stack(0x000000eb82e00000,0x000000eb82f00000)]
  0x00000227c1e25000 JavaThread "Unconstrained build operations Thread 40" [_thread_blocked, id=8220, stack(0x000000eb82f00000,0x000000eb83000000)]
  0x00000227c1e23000 JavaThread "Unconstrained build operations Thread 41" [_thread_blocked, id=23972, stack(0x000000eb83000000,0x000000eb83100000)]
  0x00000227c1e23800 JavaThread "Unconstrained build operations Thread 42" [_thread_blocked, id=13340, stack(0x000000eb83100000,0x000000eb83200000)]
  0x00000227c1e24800 JavaThread "Unconstrained build operations Thread 43" [_thread_blocked, id=26072, stack(0x000000eb83200000,0x000000eb83300000)]
  0x00000227c1e20800 JavaThread "Unconstrained build operations Thread 44" [_thread_blocked, id=2644, stack(0x000000eb83300000,0x000000eb83400000)]
  0x00000227c1e1f800 JavaThread "Unconstrained build operations Thread 45" [_thread_blocked, id=8680, stack(0x000000eb83400000,0x000000eb83500000)]
  0x00000227c1e26000 JavaThread "Unconstrained build operations Thread 46" [_thread_blocked, id=25100, stack(0x000000eb83500000,0x000000eb83600000)]
  0x00000227c1e27000 JavaThread "Unconstrained build operations Thread 47" [_thread_blocked, id=7096, stack(0x000000eb83600000,0x000000eb83700000)]
  0x00000227c3e15000 JavaThread "Unconstrained build operations Thread 48" [_thread_blocked, id=13948, stack(0x000000eb83700000,0x000000eb83800000)]
  0x00000227c3e16000 JavaThread "Unconstrained build operations Thread 49" [_thread_blocked, id=20172, stack(0x000000eb83800000,0x000000eb83900000)]
  0x00000227c3e10800 JavaThread "Unconstrained build operations Thread 50" [_thread_blocked, id=15328, stack(0x000000eb83900000,0x000000eb83a00000)]
  0x00000227c3e11000 JavaThread "Unconstrained build operations Thread 51" [_thread_blocked, id=4512, stack(0x000000eb83a00000,0x000000eb83b00000)]
  0x00000227c3e14800 JavaThread "Unconstrained build operations Thread 52" [_thread_blocked, id=15504, stack(0x000000eb83b00000,0x000000eb83c00000)]
  0x00000227c3e17000 JavaThread "Unconstrained build operations Thread 53" [_thread_blocked, id=8244, stack(0x000000eb83c00000,0x000000eb83d00000)]
  0x00000227c3e12800 JavaThread "Unconstrained build operations Thread 54" [_thread_blocked, id=8024, stack(0x000000eb83d00000,0x000000eb83e00000)]
  0x00000227c3e13800 JavaThread "Unconstrained build operations Thread 55" [_thread_blocked, id=13392, stack(0x000000eb83e00000,0x000000eb83f00000)]
  0x00000227c3e17800 JavaThread "Unconstrained build operations Thread 56" [_thread_blocked, id=16696, stack(0x000000eb83f00000,0x000000eb84000000)]
  0x00000227c3e12000 JavaThread "Unconstrained build operations Thread 57" [_thread_blocked, id=23944, stack(0x000000eb84000000,0x000000eb84100000)]
  0x00000227c3e1c800 JavaThread "Unconstrained build operations Thread 58" [_thread_blocked, id=21096, stack(0x000000eb84100000,0x000000eb84200000)]
  0x00000227c3e1b000 JavaThread "Unconstrained build operations Thread 59" [_thread_blocked, id=484, stack(0x000000eb84200000,0x000000eb84300000)]
  0x00000227c3e1a000 JavaThread "Unconstrained build operations Thread 60" [_thread_blocked, id=13044, stack(0x000000eb84300000,0x000000eb84400000)]
  0x00000227c3e1d800 JavaThread "Unconstrained build operations Thread 61" [_thread_blocked, id=24568, stack(0x000000eb84400000,0x000000eb84500000)]
  0x00000227c3e1b800 JavaThread "Unconstrained build operations Thread 62" [_thread_blocked, id=23488, stack(0x000000eb84500000,0x000000eb84600000)]
  0x00000227c3e19800 JavaThread "Unconstrained build operations Thread 63" [_thread_blocked, id=14368, stack(0x000000eb84600000,0x000000eb84700000)]
  0x00000227c3e1e000 JavaThread "Unconstrained build operations Thread 64" [_thread_blocked, id=22248, stack(0x000000eb84700000,0x000000eb84800000)]
  0x00000227c3e18800 JavaThread "Unconstrained build operations Thread 65" [_thread_blocked, id=15464, stack(0x000000eb84800000,0x000000eb84900000)]
  0x00000227c3e1f000 JavaThread "Unconstrained build operations Thread 66" [_thread_blocked, id=7388, stack(0x000000eb84900000,0x000000eb84a00000)]
  0x00000227c1dff800 JavaThread "Unconstrained build operations Thread 67" [_thread_blocked, id=20896, stack(0x000000eb84a00000,0x000000eb84b00000)]
  0x00000227c1dfe000 JavaThread "Unconstrained build operations Thread 68" [_thread_blocked, id=7156, stack(0x000000eb84b00000,0x000000eb84c00000)]
  0x00000227c1dfd000 JavaThread "Unconstrained build operations Thread 69" [_thread_blocked, id=11660, stack(0x000000eb84c00000,0x000000eb84d00000)]
  0x00000227c1dfb800 JavaThread "Unconstrained build operations Thread 70" [_thread_blocked, id=20792, stack(0x000000eb84d00000,0x000000eb84e00000)]
  0x00000227c1dfe800 JavaThread "Unconstrained build operations Thread 71" [_thread_blocked, id=19552, stack(0x000000eb84e00000,0x000000eb84f00000)]
  0x00000227c1e00800 JavaThread "Unconstrained build operations Thread 72" [_thread_blocked, id=25596, stack(0x000000eb84f00000,0x000000eb85000000)]
  0x00000227c1dfa800 JavaThread "Unconstrained build operations Thread 73" [_thread_blocked, id=24752, stack(0x000000eb85000000,0x000000eb85100000)]
  0x00000227c1e01000 JavaThread "Unconstrained build operations Thread 74" [_thread_blocked, id=3304, stack(0x000000eb85100000,0x000000eb85200000)]
  0x00000227c1e02000 JavaThread "Unconstrained build operations Thread 75" [_thread_blocked, id=4264, stack(0x000000eb85200000,0x000000eb85300000)]
  0x00000227c1dfc000 JavaThread "Unconstrained build operations Thread 76" [_thread_blocked, id=15916, stack(0x000000eb85300000,0x000000eb85400000)]
  0x00000227c1e05000 JavaThread "Unconstrained build operations Thread 77" [_thread_blocked, id=7288, stack(0x000000eb85400000,0x000000eb85500000)]
  0x00000227c1e04800 JavaThread "Unconstrained build operations Thread 78" [_thread_blocked, id=18920, stack(0x000000eb85500000,0x000000eb85600000)]
  0x00000227c1e03800 JavaThread "Unconstrained build operations Thread 79" [_thread_blocked, id=20576, stack(0x000000eb85600000,0x000000eb85700000)]
  0x00000227c1e07000 JavaThread "Unconstrained build operations Thread 80" [_thread_blocked, id=26312, stack(0x000000eb85700000,0x000000eb85800000)]
  0x00000227c1e06000 JavaThread "jar transforms Thread 4" [_thread_blocked, id=5236, stack(0x000000eb85800000,0x000000eb85900000)]
  0x00000227c1e07800 JavaThread "jar transforms Thread 5" [_thread_blocked, id=7508, stack(0x000000eb85900000,0x000000eb85a00000)]
  0x00000227c1e03000 JavaThread "jar transforms Thread 6" [_thread_blocked, id=24520, stack(0x000000eb85a00000,0x000000eb85b00000)]
  0x00000227c1e08800 JavaThread "jar transforms Thread 7" [_thread_blocked, id=12696, stack(0x000000eb85b00000,0x000000eb85c00000)]
  0x00000227c1e09800 JavaThread "jar transforms Thread 8" [_thread_blocked, id=24388, stack(0x000000eb85c00000,0x000000eb85d00000)]

Other Threads:
  0x00000227bc43e800 VMThread "VM Thread" [stack: 0x000000ebfdb00000,0x000000ebfdc00000] [id=22860]
  0x00000227bf713000 WatcherThread [stack: 0x000000ebfe500000,0x000000ebfe600000] [id=20136]
  0x00000227a48c0000 GCTaskThread "GC Thread#0" [stack: 0x000000ebfd600000,0x000000ebfd700000] [id=23516]
  0x00000227bfcbe800 GCTaskThread "GC Thread#1" [stack: 0x000000ebfe600000,0x000000ebfe700000] [id=14036]
  0x00000227c01ee800 GCTaskThread "GC Thread#2" [stack: 0x000000ebfe700000,0x000000ebfe800000] [id=21340]
  0x00000227c1dc1000 GCTaskThread "GC Thread#3" [stack: 0x000000ebff500000,0x000000ebff600000] [id=19200]
  0x00000227c1d6b000 GCTaskThread "GC Thread#4" [stack: 0x000000ebff600000,0x000000ebff700000] [id=14584]
  0x00000227c1d6c000 GCTaskThread "GC Thread#5" [stack: 0x000000ebff700000,0x000000ebff800000] [id=18668]
  0x00000227c1d6c800 GCTaskThread "GC Thread#6" [stack: 0x000000ebff800000,0x000000ebff900000] [id=17392]
  0x00000227c1d6d000 GCTaskThread "GC Thread#7" [stack: 0x000000ebff900000,0x000000ebffa00000] [id=22728]
  0x00000227a48ed800 ConcurrentGCThread "G1 Main Marker" [stack: 0x000000ebfd700000,0x000000ebfd800000] [id=23644]
  0x00000227a48ee800 ConcurrentGCThread "G1 Conc#0" [stack: 0x000000ebfd800000,0x000000ebfd900000] [id=5168]
  0x00000227c1d81800 ConcurrentGCThread "G1 Conc#1" [stack: 0x000000ebffa00000,0x000000ebffb00000] [id=13336]
  0x00000227bc2e3800 ConcurrentGCThread "G1 Refine#0" [stack: 0x000000ebfd900000,0x000000ebfda00000] [id=20092]
  0x00000227bc2e4800 ConcurrentGCThread "G1 Young RemSet Sampling" [stack: 0x000000ebfda00000,0x000000ebfdb00000] [id=2808]

Threads with active compile tasks:
C2 CompilerThread0  11844 5238       4       groovy.lang.MetaClassImpl$1MOPIter::methodNameAction (325 bytes)
C1 CompilerThread0  11844 5360       2       org.gradle.internal.instantiation.generator.AsmBackedClassGenerator::generate (6 bytes)

VM state:not at safepoint (normal execution)

VM Mutex/Monitor currently owned by a thread: None

Heap address: 0x0000000080000000, size: 2048 MB, Compressed Oops mode: 32-bit
Narrow klass base: 0x0000000000000000, Narrow klass shift: 3
Compressed class space size: 1073741824 Address: 0x0000000100000000

Heap:
 garbage-first heap   total 131072K, used 58534K [0x0000000080000000, 0x0000000100000000)
  region size 1024K, 26 young (26624K), 10 survivors (10240K)
 Metaspace       used 50734K, capacity 52021K, committed 52300K, reserved 1095680K
  class space    used 6467K, capacity 6961K, committed 6988K, reserved 1048576K
Heap Regions: E=young(eden), S=young(survivor), O=old, HS=humongous(starts), HC=humongous(continues), CS=collection set, F=free, A=archive, TAMS=top-at-mark-start (previous, next)
|   0|0x0000000080000000, 0x0000000080100000, 0x0000000080100000|100%| O|  |TAMS 0x0000000080100000, 0x0000000080000000| Untracked 
|   1|0x0000000080100000, 0x0000000080200000, 0x0000000080200000|100%| O|  |TAMS 0x0000000080200000, 0x0000000080100000| Untracked 
|   2|0x0000000080200000, 0x0000000080300000, 0x0000000080300000|100%| O|  |TAMS 0x0000000080300000, 0x0000000080200000| Untracked 
|   3|0x0000000080300000, 0x0000000080400000, 0x0000000080400000|100%|HS|  |TAMS 0x0000000080400000, 0x0000000080300000| Complete 
|   4|0x0000000080400000, 0x0000000080500000, 0x0000000080500000|100%|HC|  |TAMS 0x0000000080500000, 0x0000000080400000| Complete 
|   5|0x0000000080500000, 0x0000000080600000, 0x0000000080600000|100%|HC|  |TAMS 0x0000000080600000, 0x0000000080500000| Complete 
|   6|0x0000000080600000, 0x0000000080700000, 0x0000000080700000|100%| O|  |TAMS 0x0000000080700000, 0x0000000080600000| Untracked 
|   7|0x0000000080700000, 0x0000000080800000, 0x0000000080800000|100%| O|  |TAMS 0x0000000080800000, 0x0000000080700000| Untracked 
|   8|0x0000000080800000, 0x0000000080900000, 0x0000000080900000|100%| O|  |TAMS 0x0000000080900000, 0x0000000080800000| Untracked 
|   9|0x0000000080900000, 0x0000000080a00000, 0x0000000080a00000|100%| O|  |TAMS 0x0000000080a00000, 0x0000000080900000| Untracked 
|  10|0x0000000080a00000, 0x0000000080b00000, 0x0000000080b00000|100%| O|  |TAMS 0x0000000080b00000, 0x0000000080a00000| Untracked 
|  11|0x0000000080b00000, 0x0000000080c00000, 0x0000000080c00000|100%| O|  |TAMS 0x0000000080c00000, 0x0000000080b00000| Untracked 
|  12|0x0000000080c00000, 0x0000000080d00000, 0x0000000080d00000|100%| O|  |TAMS 0x0000000080d00000, 0x0000000080c00000| Untracked 
|  13|0x0000000080d00000, 0x0000000080e00000, 0x0000000080e00000|100%| O|  |TAMS 0x0000000080d89e00, 0x0000000080d00000| Untracked 
|  14|0x0000000080e00000, 0x0000000080f00000, 0x0000000080f00000|100%|HS|  |TAMS 0x0000000080e00000, 0x0000000080e00000| Complete 
|  15|0x0000000080f00000, 0x0000000081000000, 0x0000000081000000|100%| O|  |TAMS 0x0000000080f00000, 0x0000000080f00000| Untracked 
|  16|0x0000000081000000, 0x0000000081100000, 0x0000000081100000|100%| O|  |TAMS 0x0000000081000000, 0x0000000081000000| Untracked 
|  17|0x0000000081100000, 0x0000000081200000, 0x0000000081200000|100%| O|  |TAMS 0x0000000081100000, 0x0000000081100000| Untracked 
|  18|0x0000000081200000, 0x0000000081300000, 0x0000000081300000|100%| O|  |TAMS 0x0000000081200000, 0x0000000081200000| Untracked 
|  19|0x0000000081300000, 0x0000000081400000, 0x0000000081400000|100%| O|  |TAMS 0x0000000081300000, 0x0000000081300000| Untracked 
|  20|0x0000000081400000, 0x0000000081500000, 0x0000000081500000|100%| O|  |TAMS 0x0000000081400000, 0x0000000081400000| Untracked 
|  21|0x0000000081500000, 0x0000000081600000, 0x0000000081600000|100%| O|  |TAMS 0x0000000081500000, 0x0000000081500000| Untracked 
|  22|0x0000000081600000, 0x0000000081700000, 0x0000000081700000|100%| O|  |TAMS 0x0000000081600000, 0x0000000081600000| Untracked 
|  23|0x0000000081700000, 0x0000000081800000, 0x0000000081800000|100%| O|  |TAMS 0x0000000081700000, 0x0000000081700000| Untracked 
|  24|0x0000000081800000, 0x0000000081900000, 0x0000000081900000|100%|HS|  |TAMS 0x0000000081800000, 0x0000000081800000| Complete 
|  25|0x0000000081900000, 0x0000000081a00000, 0x0000000081a00000|100%|HS|  |TAMS 0x0000000081900000, 0x0000000081900000| Complete 
|  26|0x0000000081a00000, 0x0000000081b00000, 0x0000000081b00000|100%|HS|  |TAMS 0x0000000081a00000, 0x0000000081a00000| Complete 
|  27|0x0000000081b00000, 0x0000000081c00000, 0x0000000081c00000|100%|HC|  |TAMS 0x0000000081b00000, 0x0000000081b00000| Complete 
|  28|0x0000000081c00000, 0x0000000081d00000, 0x0000000081d00000|100%| O|  |TAMS 0x0000000081c00000, 0x0000000081c00000| Untracked 
|  29|0x0000000081d00000, 0x0000000081e00000, 0x0000000081e00000|100%| O|  |TAMS 0x0000000081d00000, 0x0000000081d00000| Untracked 
|  30|0x0000000081e00000, 0x0000000081f00000, 0x0000000081f00000|100%| O|  |TAMS 0x0000000081e00000, 0x0000000081e00000| Untracked 
|  31|0x0000000081f00000, 0x0000000082000000, 0x0000000082000000|100%| O|  |TAMS 0x0000000081f00000, 0x0000000081f00000| Untracked 
|  32|0x0000000082000000, 0x0000000082029a00, 0x0000000082100000| 16%| O|  |TAMS 0x0000000082000000, 0x0000000082000000| Untracked 
|  33|0x0000000082100000, 0x0000000082100000, 0x0000000082200000|  0%| F|  |TAMS 0x0000000082100000, 0x0000000082100000| Untracked 
|  34|0x0000000082200000, 0x0000000082200000, 0x0000000082300000|  0%| F|  |TAMS 0x0000000082200000, 0x0000000082200000| Untracked 
|  35|0x0000000082300000, 0x0000000082300000, 0x0000000082400000|  0%| F|  |TAMS 0x0000000082300000, 0x0000000082300000| Untracked 
|  36|0x0000000082400000, 0x0000000082400000, 0x0000000082500000|  0%| F|  |TAMS 0x0000000082400000, 0x0000000082400000| Untracked 
|  37|0x0000000082500000, 0x0000000082500000, 0x0000000082600000|  0%| F|  |TAMS 0x0000000082500000, 0x0000000082500000| Untracked 
|  38|0x0000000082600000, 0x0000000082600000, 0x0000000082700000|  0%| F|  |TAMS 0x0000000082600000, 0x0000000082600000| Untracked 
|  39|0x0000000082700000, 0x0000000082700000, 0x0000000082800000|  0%| F|  |TAMS 0x0000000082700000, 0x0000000082700000| Untracked 
|  40|0x0000000082800000, 0x0000000082800000, 0x0000000082900000|  0%| F|  |TAMS 0x0000000082800000, 0x0000000082800000| Untracked 
|  41|0x0000000082900000, 0x0000000082900000, 0x0000000082a00000|  0%| F|  |TAMS 0x0000000082900000, 0x0000000082900000| Untracked 
|  42|0x0000000082a00000, 0x0000000082a00000, 0x0000000082b00000|  0%| F|  |TAMS 0x0000000082a00000, 0x0000000082a00000| Untracked 
|  43|0x0000000082b00000, 0x0000000082c00000, 0x0000000082c00000|100%| S|CS|TAMS 0x0000000082b00000, 0x0000000082b00000| Complete 
|  44|0x0000000082c00000, 0x0000000082d00000, 0x0000000082d00000|100%| S|CS|TAMS 0x0000000082c00000, 0x0000000082c00000| Complete 
|  45|0x0000000082d00000, 0x0000000082e00000, 0x0000000082e00000|100%| S|CS|TAMS 0x0000000082d00000, 0x0000000082d00000| Complete 
|  46|0x0000000082e00000, 0x0000000082f00000, 0x0000000082f00000|100%| S|CS|TAMS 0x0000000082e00000, 0x0000000082e00000| Complete 
|  47|0x0000000082f00000, 0x0000000083000000, 0x0000000083000000|100%| S|CS|TAMS 0x0000000082f00000, 0x0000000082f00000| Complete 
|  48|0x0000000083000000, 0x0000000083100000, 0x0000000083100000|100%| S|CS|TAMS 0x0000000083000000, 0x0000000083000000| Complete 
|  49|0x0000000083100000, 0x0000000083200000, 0x0000000083200000|100%| S|CS|TAMS 0x0000000083100000, 0x0000000083100000| Complete 
|  50|0x0000000083200000, 0x0000000083300000, 0x0000000083300000|100%| S|CS|TAMS 0x0000000083200000, 0x0000000083200000| Complete 
|  51|0x0000000083300000, 0x0000000083400000, 0x0000000083400000|100%| S|CS|TAMS 0x0000000083300000, 0x0000000083300000| Complete 
|  52|0x0000000083400000, 0x0000000083500000, 0x0000000083500000|100%| S|CS|TAMS 0x0000000083400000, 0x0000000083400000| Complete 
|  53|0x0000000083500000, 0x0000000083500000, 0x0000000083600000|  0%| F|  |TAMS 0x0000000083500000, 0x0000000083500000| Untracked 
|  54|0x0000000083600000, 0x0000000083600000, 0x0000000083700000|  0%| F|  |TAMS 0x0000000083600000, 0x0000000083600000| Untracked 
|  55|0x0000000083700000, 0x0000000083700000, 0x0000000083800000|  0%| F|  |TAMS 0x0000000083700000, 0x0000000083700000| Untracked 
|  56|0x0000000083800000, 0x0000000083800000, 0x0000000083900000|  0%| F|  |TAMS 0x0000000083800000, 0x0000000083800000| Untracked 
|  57|0x0000000083900000, 0x0000000083900000, 0x0000000083a00000|  0%| F|  |TAMS 0x0000000083900000, 0x0000000083900000| Untracked 
|  58|0x0000000083a00000, 0x0000000083a00000, 0x0000000083b00000|  0%| F|  |TAMS 0x0000000083a00000, 0x0000000083a00000| Untracked 
|  59|0x0000000083b00000, 0x0000000083b00000, 0x0000000083c00000|  0%| F|  |TAMS 0x0000000083b00000, 0x0000000083b00000| Untracked 
|  60|0x0000000083c00000, 0x0000000083c00000, 0x0000000083d00000|  0%| F|  |TAMS 0x0000000083c00000, 0x0000000083c00000| Untracked 
|  61|0x0000000083d00000, 0x0000000083d00000, 0x0000000083e00000|  0%| F|  |TAMS 0x0000000083d00000, 0x0000000083d00000| Untracked 
|  62|0x0000000083e00000, 0x0000000083e00000, 0x0000000083f00000|  0%| F|  |TAMS 0x0000000083e00000, 0x0000000083e00000| Untracked 
|  63|0x0000000083f00000, 0x0000000083f00000, 0x0000000084000000|  0%| F|  |TAMS 0x0000000083f00000, 0x0000000083f00000| Untracked 
|  64|0x0000000084000000, 0x0000000084000000, 0x0000000084100000|  0%| F|  |TAMS 0x0000000084000000, 0x0000000084000000| Untracked 
|  65|0x0000000084100000, 0x0000000084100000, 0x0000000084200000|  0%| F|  |TAMS 0x0000000084100000, 0x0000000084100000| Untracked 
|  66|0x0000000084200000, 0x0000000084200000, 0x0000000084300000|  0%| F|  |TAMS 0x0000000084200000, 0x0000000084200000| Untracked 
|  67|0x0000000084300000, 0x0000000084300000, 0x0000000084400000|  0%| F|  |TAMS 0x0000000084300000, 0x0000000084300000| Untracked 
|  68|0x0000000084400000, 0x0000000084400000, 0x0000000084500000|  0%| F|  |TAMS 0x0000000084400000, 0x0000000084400000| Untracked 
|  69|0x0000000084500000, 0x0000000084500000, 0x0000000084600000|  0%| F|  |TAMS 0x0000000084500000, 0x0000000084500000| Untracked 
|  70|0x0000000084600000, 0x0000000084600000, 0x0000000084700000|  0%| F|  |TAMS 0x0000000084600000, 0x0000000084600000| Untracked 
|  71|0x0000000084700000, 0x0000000084700000, 0x0000000084800000|  0%| F|  |TAMS 0x0000000084700000, 0x0000000084700000| Untracked 
|  72|0x0000000084800000, 0x0000000084800000, 0x0000000084900000|  0%| F|  |TAMS 0x0000000084800000, 0x0000000084800000| Untracked 
|  73|0x0000000084900000, 0x0000000084900000, 0x0000000084a00000|  0%| F|  |TAMS 0x0000000084900000, 0x0000000084900000| Untracked 
|  74|0x0000000084a00000, 0x0000000084a00000, 0x0000000084b00000|  0%| F|  |TAMS 0x0000000084a00000, 0x0000000084a00000| Untracked 
|  75|0x0000000084b00000, 0x0000000084b00000, 0x0000000084c00000|  0%| F|  |TAMS 0x0000000084b00000, 0x0000000084b00000| Untracked 
|  76|0x0000000084c00000, 0x0000000084c00000, 0x0000000084d00000|  0%| F|  |TAMS 0x0000000084c00000, 0x0000000084c00000| Untracked 
|  77|0x0000000084d00000, 0x0000000084d00000, 0x0000000084e00000|  0%| F|  |TAMS 0x0000000084d00000, 0x0000000084d00000| Untracked 
|  78|0x0000000084e00000, 0x0000000084e00000, 0x0000000084f00000|  0%| F|  |TAMS 0x0000000084e00000, 0x0000000084e00000| Untracked 
|  79|0x0000000084f00000, 0x0000000084f00000, 0x0000000085000000|  0%| F|  |TAMS 0x0000000084f00000, 0x0000000084f00000| Untracked 
|  80|0x0000000085000000, 0x0000000085000000, 0x0000000085100000|  0%| F|  |TAMS 0x0000000085000000, 0x0000000085000000| Untracked 
|  81|0x0000000085100000, 0x0000000085100000, 0x0000000085200000|  0%| F|  |TAMS 0x0000000085100000, 0x0000000085100000| Untracked 
|  82|0x0000000085200000, 0x0000000085200000, 0x0000000085300000|  0%| F|  |TAMS 0x0000000085200000, 0x0000000085200000| Untracked 
|  83|0x0000000085300000, 0x0000000085300000, 0x0000000085400000|  0%| F|  |TAMS 0x0000000085300000, 0x0000000085300000| Untracked 
|  84|0x0000000085400000, 0x0000000085400000, 0x0000000085500000|  0%| F|  |TAMS 0x0000000085400000, 0x0000000085400000| Untracked 
|  85|0x0000000085500000, 0x0000000085500000, 0x0000000085600000|  0%| F|  |TAMS 0x0000000085500000, 0x0000000085500000| Untracked 
|  86|0x0000000085600000, 0x0000000085600000, 0x0000000085700000|  0%| F|  |TAMS 0x0000000085600000, 0x0000000085600000| Untracked 
|  87|0x0000000085700000, 0x0000000085700000, 0x0000000085800000|  0%| F|  |TAMS 0x0000000085700000, 0x0000000085700000| Untracked 
|  88|0x0000000085800000, 0x0000000085800000, 0x0000000085900000|  0%| F|  |TAMS 0x0000000085800000, 0x0000000085800000| Untracked 
|  89|0x0000000085900000, 0x0000000085900000, 0x0000000085a00000|  0%| F|  |TAMS 0x0000000085900000, 0x0000000085900000| Untracked 
|  90|0x0000000085a00000, 0x0000000085a00000, 0x0000000085b00000|  0%| F|  |TAMS 0x0000000085a00000, 0x0000000085a00000| Untracked 
|  91|0x0000000085b00000, 0x0000000085b00000, 0x0000000085c00000|  0%| F|  |TAMS 0x0000000085b00000, 0x0000000085b00000| Untracked 
|  92|0x0000000085c00000, 0x0000000085c00000, 0x0000000085d00000|  0%| F|  |TAMS 0x0000000085c00000, 0x0000000085c00000| Untracked 
|  93|0x0000000085d00000, 0x0000000085d00000, 0x0000000085e00000|  0%| F|  |TAMS 0x0000000085d00000, 0x0000000085d00000| Untracked 
|  94|0x0000000085e00000, 0x0000000085e00000, 0x0000000085f00000|  0%| F|  |TAMS 0x0000000085e00000, 0x0000000085e00000| Untracked 
|  95|0x0000000085f00000, 0x0000000085f00000, 0x0000000086000000|  0%| F|  |TAMS 0x0000000085f00000, 0x0000000085f00000| Untracked 
|  96|0x0000000086000000, 0x0000000086000000, 0x0000000086100000|  0%| F|  |TAMS 0x0000000086000000, 0x0000000086000000| Untracked 
|  97|0x0000000086100000, 0x0000000086100000, 0x0000000086200000|  0%| F|  |TAMS 0x0000000086100000, 0x0000000086100000| Untracked 
|  98|0x0000000086200000, 0x0000000086200000, 0x0000000086300000|  0%| F|  |TAMS 0x0000000086200000, 0x0000000086200000| Untracked 
|  99|0x0000000086300000, 0x0000000086300000, 0x0000000086400000|  0%| F|  |TAMS 0x0000000086300000, 0x0000000086300000| Untracked 
| 100|0x0000000086400000, 0x0000000086400000, 0x0000000086500000|  0%| F|  |TAMS 0x0000000086400000, 0x0000000086400000| Untracked 
| 101|0x0000000086500000, 0x0000000086500000, 0x0000000086600000|  0%| F|  |TAMS 0x0000000086500000, 0x0000000086500000| Untracked 
| 102|0x0000000086600000, 0x0000000086600000, 0x0000000086700000|  0%| F|  |TAMS 0x0000000086600000, 0x0000000086600000| Untracked 
| 103|0x0000000086700000, 0x0000000086700000, 0x0000000086800000|  0%| F|  |TAMS 0x0000000086700000, 0x0000000086700000| Untracked 
| 104|0x0000000086800000, 0x0000000086800000, 0x0000000086900000|  0%| F|  |TAMS 0x0000000086800000, 0x0000000086800000| Untracked 
| 105|0x0000000086900000, 0x0000000086900000, 0x0000000086a00000|  0%| F|  |TAMS 0x0000000086900000, 0x0000000086900000| Untracked 
| 106|0x0000000086a00000, 0x0000000086a00000, 0x0000000086b00000|  0%| F|  |TAMS 0x0000000086a00000, 0x0000000086a00000| Untracked 
| 107|0x0000000086b00000, 0x0000000086b00000, 0x0000000086c00000|  0%| F|  |TAMS 0x0000000086b00000, 0x0000000086b00000| Untracked 
| 108|0x0000000086c00000, 0x0000000086c00000, 0x0000000086d00000|  0%| F|  |TAMS 0x0000000086c00000, 0x0000000086c00000| Untracked 
| 109|0x0000000086d00000, 0x0000000086d00000, 0x0000000086e00000|  0%| F|  |TAMS 0x0000000086d00000, 0x0000000086d00000| Untracked 
| 110|0x0000000086e00000, 0x0000000086e00000, 0x0000000086f00000|  0%| F|  |TAMS 0x0000000086e00000, 0x0000000086e00000| Untracked 
| 111|0x0000000086f00000, 0x0000000086f00000, 0x0000000087000000|  0%| F|  |TAMS 0x0000000086f00000, 0x0000000086f00000| Untracked 
| 112|0x0000000087000000, 0x0000000087100000, 0x0000000087100000|100%| E|  |TAMS 0x0000000087000000, 0x0000000087000000| Complete 
| 113|0x0000000087100000, 0x0000000087200000, 0x0000000087200000|100%| E|CS|TAMS 0x0000000087100000, 0x0000000087100000| Complete 
| 114|0x0000000087200000, 0x0000000087300000, 0x0000000087300000|100%| E|CS|TAMS 0x0000000087200000, 0x0000000087200000| Complete 
| 115|0x0000000087300000, 0x0000000087400000, 0x0000000087400000|100%| E|CS|TAMS 0x0000000087300000, 0x0000000087300000| Complete 
| 116|0x0000000087400000, 0x0000000087500000, 0x0000000087500000|100%| E|CS|TAMS 0x0000000087400000, 0x0000000087400000| Complete 
| 117|0x0000000087500000, 0x0000000087600000, 0x0000000087600000|100%| E|CS|TAMS 0x0000000087500000, 0x0000000087500000| Complete 
| 118|0x0000000087600000, 0x0000000087700000, 0x0000000087700000|100%| E|CS|TAMS 0x0000000087600000, 0x0000000087600000| Complete 
| 119|0x0000000087700000, 0x0000000087800000, 0x0000000087800000|100%| E|CS|TAMS 0x0000000087700000, 0x0000000087700000| Complete 
| 120|0x0000000087800000, 0x0000000087900000, 0x0000000087900000|100%| E|CS|TAMS 0x0000000087800000, 0x0000000087800000| Complete 
| 121|0x0000000087900000, 0x0000000087a00000, 0x0000000087a00000|100%| E|CS|TAMS 0x0000000087900000, 0x0000000087900000| Complete 
| 122|0x0000000087a00000, 0x0000000087b00000, 0x0000000087b00000|100%| E|CS|TAMS 0x0000000087a00000, 0x0000000087a00000| Complete 
| 123|0x0000000087b00000, 0x0000000087c00000, 0x0000000087c00000|100%| E|CS|TAMS 0x0000000087b00000, 0x0000000087b00000| Complete 
| 124|0x0000000087c00000, 0x0000000087d00000, 0x0000000087d00000|100%| E|CS|TAMS 0x0000000087c00000, 0x0000000087c00000| Complete 
| 125|0x0000000087d00000, 0x0000000087e00000, 0x0000000087e00000|100%| E|CS|TAMS 0x0000000087d00000, 0x0000000087d00000| Complete 
| 126|0x0000000087e00000, 0x0000000087f00000, 0x0000000087f00000|100%| E|CS|TAMS 0x0000000087e00000, 0x0000000087e00000| Complete 
| 127|0x0000000087f00000, 0x0000000088000000, 0x0000000088000000|100%| E|CS|TAMS 0x0000000087f00000, 0x0000000087f00000| Complete 

Card table byte_map: [0x00000227b7a40000,0x00000227b7e40000] _byte_map_base: 0x00000227b7640000

Marking Bits (Prev, Next): (CMBitMap*) 0x00000227a48e8918, (CMBitMap*) 0x00000227a48e8950
 Prev Bits: [0x00000227b8240000, 0x00000227ba240000)
 Next Bits: [0x00000227ba240000, 0x00000227bc240000)

Polling page: 0x00000227a3ff0000

Metaspace:

Usage:
  Non-class:     44.00 MB capacity,    43.26 MB ( 98%) used,   625.65 KB (  1%) free+waste,   133.13 KB ( <1%) overhead. 
      Class:      6.80 MB capacity,     6.32 MB ( 93%) used,   425.08 KB (  6%) free+waste,    63.50 KB ( <1%) overhead. 
       Both:     50.80 MB capacity,    49.58 MB ( 98%) used,     1.03 MB (  2%) free+waste,   196.63 KB ( <1%) overhead. 

Virtual space:
  Non-class space:       46.00 MB reserved,      44.25 MB ( 96%) committed 
      Class space:        1.00 GB reserved,       6.82 MB ( <1%) committed 
             Both:        1.04 GB reserved,      51.07 MB (  5%) committed 

Chunk freelists:
   Non-Class:  60.00 KB
       Class:  15.00 KB
        Both:  75.00 KB

MaxMetaspaceSize: 17179869184.00 GB
CompressedClassSpaceSize: 1.00 GB

CodeHeap 'non-profiled nmethods': size=120000Kb used=2233Kb max_used=2233Kb free=117766Kb
 bounds [0x00000227afde0000, 0x00000227b0050000, 0x00000227b7310000]
CodeHeap 'profiled nmethods': size=120000Kb used=10700Kb max_used=10700Kb free=109299Kb
 bounds [0x00000227a88b0000, 0x00000227a9330000, 0x00000227afde0000]
CodeHeap 'non-nmethods': size=5760Kb used=2220Kb max_used=2252Kb free=3539Kb
 bounds [0x00000227a8310000, 0x00000227a8580000, 0x00000227a88b0000]
 total_blobs=6064 nmethods=5272 adapters=703
 compilation: enabled
              stopped_count=0, restarted_count=0
 full_count=0

Compilation events (20 events):
Event: 11.523 Thread 0x00000227bf583800 5294       2       com.google.common.collect.MapMakerInternalMap::segmentFor (17 bytes)
Event: 11.523 Thread 0x00000227bf583800 nmethod 5294 0x00000227a9305990 code [0x00000227a9305b40, 0x00000227a9305c78]
Event: 11.541 Thread 0x00000227bf583800 5296       2       com.google.common.collect.MapMakerInternalMap$Segment::getEntry (80 bytes)
Event: 11.542 Thread 0x00000227bf583800 nmethod 5296 0x00000227a9305d90 code [0x00000227a9306020, 0x00000227a9306748]
Event: 11.544 Thread 0x00000227bf583800 5298       2       org.gradle.internal.util.Trie::find (135 bytes)
Event: 11.544 Thread 0x00000227bf583800 nmethod 5298 0x00000227a9306c90 code [0x00000227a9306e80, 0x00000227a93071f8]
Event: 11.544 Thread 0x00000227bf583800 5297       2       org.gradle.internal.classloader.FilteringClassLoader$TrieSet::find (9 bytes)
Event: 11.544 Thread 0x00000227bf583800 nmethod 5297 0x00000227a9307490 code [0x00000227a9307640, 0x00000227a9307768]
Event: 11.547 Thread 0x00000227bf583800 5299       1       com.google.common.collect.MapMakerInternalMap$AbstractStrongKeyEntry::getKey (5 bytes)
Event: 11.547 Thread 0x00000227bf583800 nmethod 5299 0x00000227b000cf10 code [0x00000227b000d0c0, 0x00000227b000d178]
Event: 11.576 Thread 0x00000227bf583800 5300   !   2       org.gradle.internal.classloader.CachingClassLoader::loadClass (85 bytes)
Event: 11.576 Thread 0x00000227bf583800 nmethod 5300 0x00000227a9307810 code [0x00000227a9307a00, 0x00000227a9307d28]
Event: 11.576 Thread 0x00000227bf583800 5301       2       com.google.common.collect.MapMakerInternalMap::get (23 bytes)
Event: 11.577 Thread 0x00000227bf583800 nmethod 5301 0x00000227a9307f10 code [0x00000227a93080e0, 0x00000227a93082e8]
Event: 11.577 Thread 0x00000227bf583800 5302       2       org.gradle.tooling.internal.provider.runner.SubtreeFilteringBuildOperationListener::started (118 bytes)
Event: 11.578 Thread 0x00000227bf583800 nmethod 5302 0x00000227a9308490 code [0x00000227a93086e0, 0x00000227a9308b88]
Event: 11.585 Thread 0x00000227bf583800 5303       2       com.google.common.collect.MapMakerInternalMap$StrongKeyWeakValueEntry::<init> (15 bytes)
Event: 11.586 Thread 0x00000227bf583800 nmethod 5303 0x00000227a9308e90 code [0x00000227a9309040, 0x00000227a9309258]
Event: 11.586 Thread 0x00000227bf583800 5304       2       com.google.common.collect.MapMakerInternalMap$AbstractStrongKeyEntry::<init> (20 bytes)
Event: 11.586 Thread 0x00000227bf583800 nmethod 5304 0x00000227a9309310 code [0x00000227a93094c0, 0x00000227a9309678]

GC Heap History (16 events):
Event: 1.904 GC heap before
{Heap before GC invocations=0 (full 0):
 garbage-first heap   total 131072K, used 29696K [0x0000000080000000, 0x0000000100000000)
  region size 1024K, 24 young (24576K), 0 survivors (0K)
 Metaspace       used 9861K, capacity 10054K, committed 10112K, reserved 1058816K
  class space    used 1028K, capacity 1102K, committed 1152K, reserved 1048576K
}
Event: 1.912 GC heap after
{Heap after GC invocations=1 (full 0):
 garbage-first heap   total 131072K, used 9007K [0x0000000080000000, 0x0000000100000000)
  region size 1024K, 3 young (3072K), 3 survivors (3072K)
 Metaspace       used 9861K, capacity 10054K, committed 10112K, reserved 1058816K
  class space    used 1028K, capacity 1102K, committed 1152K, reserved 1048576K
}
Event: 2.862 GC heap before
{Heap before GC invocations=1 (full 0):
 garbage-first heap   total 131072K, used 56111K [0x0000000080000000, 0x0000000100000000)
  region size 1024K, 49 young (50176K), 3 survivors (3072K)
 Metaspace       used 11212K, capacity 11513K, committed 11648K, reserved 1058816K
  class space    used 1214K, capacity 1311K, committed 1408K, reserved 1048576K
}
Event: 2.868 GC heap after
{Heap after GC invocations=2 (full 0):
 garbage-first heap   total 131072K, used 13893K [0x0000000080000000, 0x0000000100000000)
  region size 1024K, 7 young (7168K), 7 survivors (7168K)
 Metaspace       used 11212K, capacity 11513K, committed 11648K, reserved 1058816K
  class space    used 1214K, capacity 1311K, committed 1408K, reserved 1048576K
}
Event: 5.289 GC heap before
{Heap before GC invocations=2 (full 0):
 garbage-first heap   total 131072K, used 65093K [0x0000000080000000, 0x0000000100000000)
  region size 1024K, 58 young (59392K), 7 survivors (7168K)
 Metaspace       used 20719K, capacity 21079K, committed 21248K, reserved 1067008K
  class space    used 2542K, capacity 2693K, committed 2816K, reserved 1048576K
}
Event: 5.311 GC heap after
{Heap after GC invocations=3 (full 0):
 garbage-first heap   total 131072K, used 17207K [0x0000000080000000, 0x0000000100000000)
  region size 1024K, 8 young (8192K), 8 survivors (8192K)
 Metaspace       used 20719K, capacity 21079K, committed 21248K, reserved 1067008K
  class space    used 2542K, capacity 2693K, committed 2816K, reserved 1048576K
}
Event: 6.487 GC heap before
{Heap before GC invocations=4 (full 0):
 garbage-first heap   total 131072K, used 77623K [0x0000000080000000, 0x0000000100000000)
  region size 1024K, 67 young (68608K), 8 survivors (8192K)
 Metaspace       used 26574K, capacity 27175K, committed 27264K, reserved 1073152K
  class space    used 3490K, capacity 3690K, committed 3712K, reserved 1048576K
}
Event: 6.493 GC heap after
{Heap after GC invocations=5 (full 0):
 garbage-first heap   total 131072K, used 19356K [0x0000000080000000, 0x0000000100000000)
  region size 1024K, 6 young (6144K), 6 survivors (6144K)
 Metaspace       used 26574K, capacity 27175K, committed 27264K, reserved 1073152K
  class space    used 3490K, capacity 3690K, committed 3712K, reserved 1048576K
}
Event: 7.865 GC heap before
{Heap before GC invocations=5 (full 0):
 garbage-first heap   total 131072K, used 72604K [0x0000000080000000, 0x0000000100000000)
  region size 1024K, 59 young (60416K), 6 survivors (6144K)
 Metaspace       used 35061K, capacity 35790K, committed 35840K, reserved 1081344K
  class space    used 4552K, capacity 4863K, committed 4864K, reserved 1048576K
}
Event: 7.877 GC heap after
{Heap after GC invocations=6 (full 0):
 garbage-first heap   total 131072K, used 22761K [0x0000000080000000, 0x0000000100000000)
  region size 1024K, 9 young (9216K), 9 survivors (9216K)
 Metaspace       used 35061K, capacity 35790K, committed 35840K, reserved 1081344K
  class space    used 4552K, capacity 4863K, committed 4864K, reserved 1048576K
}
Event: 8.992 GC heap before
{Heap before GC invocations=7 (full 0):
 garbage-first heap   total 131072K, used 93417K [0x0000000080000000, 0x0000000100000000)
  region size 1024K, 76 young (77824K), 9 survivors (9216K)
 Metaspace       used 40196K, capacity 41155K, committed 41420K, reserved 1085440K
  class space    used 5130K, capacity 5473K, committed 5580K, reserved 1048576K
}
Event: 9.006 GC heap after
{Heap after GC invocations=8 (full 0):
 garbage-first heap   total 131072K, used 27992K [0x0000000080000000, 0x0000000100000000)
  region size 1024K, 9 young (9216K), 9 survivors (9216K)
 Metaspace       used 40196K, capacity 41155K, committed 41420K, reserved 1085440K
  class space    used 5130K, capacity 5473K, committed 5580K, reserved 1048576K
}
Event: 9.838 GC heap before
{Heap before GC invocations=8 (full 0):
 garbage-first heap   total 131072K, used 97624K [0x0000000080000000, 0x0000000100000000)
  region size 1024K, 76 young (77824K), 9 survivors (9216K)
 Metaspace       used 45909K, capacity 47004K, committed 47052K, reserved 1089536K
  class space    used 5891K, capacity 6326K, committed 6348K, reserved 1048576K
}
Event: 9.847 GC heap after
{Heap after GC invocations=9 (full 0):
 garbage-first heap   total 131072K, used 29826K [0x0000000080000000, 0x0000000100000000)
  region size 1024K, 7 young (7168K), 7 survivors (7168K)
 Metaspace       used 45909K, capacity 47004K, committed 47052K, reserved 1089536K
  class space    used 5891K, capacity 6326K, committed 6348K, reserved 1048576K
}
Event: 11.526 GC heap before
{Heap before GC invocations=9 (full 0):
 garbage-first heap   total 131072K, used 103554K [0x0000000080000000, 0x0000000100000000)
  region size 1024K, 75 young (76800K), 7 survivors (7168K)
 Metaspace       used 48741K, capacity 50040K, committed 50380K, reserved 1093632K
  class space    used 6224K, capacity 6726K, committed 6860K, reserved 1048576K
}
Event: 11.536 GC heap after
{Heap after GC invocations=10 (full 0):
 garbage-first heap   total 131072K, used 43174K [0x0000000080000000, 0x0000000100000000)
  region size 1024K, 10 young (10240K), 10 survivors (10240K)
 Metaspace       used 48741K, capacity 50040K, committed 50380K, reserved 1093632K
  class space    used 6224K, capacity 6726K, committed 6860K, reserved 1048576K
}

Deoptimization events (20 events):
Event: 11.369 Thread 0x00000227c19f1000 Uncommon trap: trap_request=0xffffffbe fr.pc=0x00000227afffcb0c relative=0x00000000000007ac
Event: 11.369 Thread 0x00000227c19f1000 Uncommon trap: reason=profile_predicate action=maybe_recompile pc=0x00000227afffcb0c method=java.lang.PublicMethods$MethodList.filter([Ljava/lang/reflect/Method;Ljava/lang/String;[Ljava/lang/Class;Z)Ljava/lang/PublicMethods$MethodList; @ 21 c2
Event: 11.370 Thread 0x00000227c19f1000 DEOPT PACKING pc=0x00000227afffcb0c sp=0x000000ebfeef7690
Event: 11.370 Thread 0x00000227c19f1000 DEOPT UNPACKING pc=0x00000227a833662f sp=0x000000ebfeef7648 mode 2
Event: 11.371 Thread 0x00000227c19f1000 Uncommon trap: trap_request=0xffffffbe fr.pc=0x00000227afffcb0c relative=0x00000000000007ac
Event: 11.371 Thread 0x00000227c19f1000 Uncommon trap: reason=profile_predicate action=maybe_recompile pc=0x00000227afffcb0c method=java.lang.PublicMethods$MethodList.filter([Ljava/lang/reflect/Method;Ljava/lang/String;[Ljava/lang/Class;Z)Ljava/lang/PublicMethods$MethodList; @ 21 c2
Event: 11.371 Thread 0x00000227c19f1000 DEOPT PACKING pc=0x00000227afffcb0c sp=0x000000ebfeef8d20
Event: 11.371 Thread 0x00000227c19f1000 DEOPT UNPACKING pc=0x00000227a833662f sp=0x000000ebfeef8cd8 mode 2
Event: 11.371 Thread 0x00000227c19f1000 Uncommon trap: trap_request=0xffffffbe fr.pc=0x00000227afffcb0c relative=0x00000000000007ac
Event: 11.371 Thread 0x00000227c19f1000 Uncommon trap: reason=profile_predicate action=maybe_recompile pc=0x00000227afffcb0c method=java.lang.PublicMethods$MethodList.filter([Ljava/lang/reflect/Method;Ljava/lang/String;[Ljava/lang/Class;Z)Ljava/lang/PublicMethods$MethodList; @ 21 c2
Event: 11.371 Thread 0x00000227c19f1000 DEOPT PACKING pc=0x00000227afffcb0c sp=0x000000ebfeef8560
Event: 11.371 Thread 0x00000227c19f1000 DEOPT UNPACKING pc=0x00000227a833662f sp=0x000000ebfeef8518 mode 2
Event: 11.486 Thread 0x00000227c19f1000 Uncommon trap: trap_request=0xffffffc6 fr.pc=0x00000227afee2c78 relative=0x0000000000000218
Event: 11.486 Thread 0x00000227c19f1000 Uncommon trap: reason=bimorphic_or_optimized_type_check action=maybe_recompile pc=0x00000227afee2c78 method=com.google.common.base.CharMatcher.indexIn(Ljava/lang/CharSequence;I)I @ 31 c2
Event: 11.486 Thread 0x00000227c19f1000 DEOPT PACKING pc=0x00000227afee2c78 sp=0x000000ebfeef7f70
Event: 11.486 Thread 0x00000227c19f1000 DEOPT UNPACKING pc=0x00000227a833662f sp=0x000000ebfeef7f18 mode 2
Event: 11.489 Thread 0x00000227c19f1000 Uncommon trap: trap_request=0xffffff4d fr.pc=0x00000227afe2ee7c relative=0x000000000000059c
Event: 11.489 Thread 0x00000227c19f1000 Uncommon trap: reason=unstable_if action=reinterpret pc=0x00000227afe2ee7c method=java.util.jar.Manifest$FastInputStream.readLine([BII)I @ 130 c2
Event: 11.489 Thread 0x00000227c19f1000 DEOPT PACKING pc=0x00000227afe2ee7c sp=0x000000ebfeef7990
Event: 11.489 Thread 0x00000227c19f1000 DEOPT UNPACKING pc=0x00000227a833662f sp=0x000000ebfeef7920 mode 2

Classes redefined (0 events):
No events

Internal exceptions (20 events):
Event: 11.414 Thread 0x00000227c19f1000 Exception <a 'java/lang/ClassNotFoundException'{0x000000008425ba50}: org/gradle/api/DefaultTaskBeanInfo> (0x000000008425ba50) thrown at [./src/hotspot/share/classfile/systemDictionary.cpp, line 231]
Event: 11.415 Thread 0x00000227c19f1000 Exception <a 'java/lang/ClassNotFoundException'{0x0000000084289530}: org/gradle/api/internal/AbstractTaskBeanInfo> (0x0000000084289530) thrown at [./src/hotspot/share/classfile/systemDictionary.cpp, line 231]
Event: 11.415 Thread 0x00000227c19f1000 Exception <a 'java/lang/ClassNotFoundException'{0x00000000842b7578}: org/gradle/api/internal/AbstractTaskCustomizer> (0x00000000842b7578) thrown at [./src/hotspot/share/classfile/systemDictionary.cpp, line 231]
Event: 11.417 Thread 0x00000227c19f1000 Exception <a 'java/lang/ClassNotFoundException'{0x0000000084129f00}: org/gradle/api/DefaultTaskCustomizer> (0x0000000084129f00) thrown at [./src/hotspot/share/classfile/systemDictionary.cpp, line 231]
Event: 11.421 Thread 0x00000227c19f1000 Exception <a 'java/lang/ClassNotFoundException'{0x00000000841abac8}: org/gradle/api/internal/ConventionTaskCustomizer> (0x00000000841abac8) thrown at [./src/hotspot/share/classfile/systemDictionary.cpp, line 231]
Event: 11.423 Thread 0x00000227c19f1000 Exception <a 'java/lang/ClassNotFoundException'{0x00000000841e3b10}: org/gradle/api/tasks/DeleteCustomizer> (0x00000000841e3b10) thrown at [./src/hotspot/share/classfile/systemDictionary.cpp, line 231]
Event: 11.425 Thread 0x00000227c19f1000 Exception <a 'java/lang/ClassNotFoundException'{0x00000000840233b8}: org/gradle/api/tasks/Delete_DecoratedCustomizer> (0x00000000840233b8) thrown at [./src/hotspot/share/classfile/systemDictionary.cpp, line 231]
Event: 11.455 Thread 0x00000227c19f1000 Exception <a 'java/lang/NoSuchMethodError'{0x0000000083f3bc20}: 'long java.lang.invoke.DirectMethodHandle$Holder.invokeVirtual(java.lang.Object, java.lang.Object)'> (0x0000000083f3bc20) thrown at [./src/hotspot/share/interpreter/linkResolver.cpp, line 773]
Event: 11.459 Thread 0x00000227c1a10000 Exception <a 'java/lang/NoSuchMethodError'{0x0000000087f89268}: <clinit>> (0x0000000087f89268) thrown at [./src/hotspot/share/prims/jni.cpp, line 1362]
Event: 11.464 Thread 0x00000227c1a10000 Exception <a 'java/lang/NoSuchMethodError'{0x0000000083f97190}: <clinit>> (0x0000000083f97190) thrown at [./src/hotspot/share/prims/jni.cpp, line 1362]
Event: 11.464 Thread 0x00000227c1a10000 Exception <a 'java/lang/NoSuchMethodError'{0x0000000083f982a0}: <clinit>> (0x0000000083f982a0) thrown at [./src/hotspot/share/prims/jni.cpp, line 1362]
Event: 11.464 Thread 0x00000227c1a10000 Exception <a 'java/lang/NoSuchMethodError'{0x0000000083f995a8}: <clinit>> (0x0000000083f995a8) thrown at [./src/hotspot/share/prims/jni.cpp, line 1362]
Event: 11.464 Thread 0x00000227c1a10000 Exception <a 'java/lang/NoSuchMethodError'{0x0000000083f9a5c8}: <clinit>> (0x0000000083f9a5c8) thrown at [./src/hotspot/share/prims/jni.cpp, line 1362]
Event: 11.466 Thread 0x00000227c1a10000 Exception <a 'java/lang/NoSuchMethodError'{0x0000000083fac900}: <clinit>> (0x0000000083fac900) thrown at [./src/hotspot/share/prims/jni.cpp, line 1362]
Event: 11.467 Thread 0x00000227c1a10000 Exception <a 'java/lang/NoSuchMethodError'{0x0000000083e07b80}: <clinit>> (0x0000000083e07b80) thrown at [./src/hotspot/share/prims/jni.cpp, line 1362]
Event: 11.470 Thread 0x00000227c1a10000 Exception <a 'java/lang/NoSuchMethodError'{0x0000000083e1b4c0}: <clinit>> (0x0000000083e1b4c0) thrown at [./src/hotspot/share/prims/jni.cpp, line 1362]
Event: 11.483 Thread 0x00000227c19f1000 Exception <a 'java/lang/ClassNotFoundException'{0x0000000083e741d0}: build_8nt4fxrhu97pk65gkrymsj84dBeanInfo> (0x0000000083e741d0) thrown at [./src/hotspot/share/classfile/systemDictionary.cpp, line 231]
Event: 11.483 Thread 0x00000227c19f1000 Exception <a 'java/lang/ClassNotFoundException'{0x0000000083e7f188}: build_8nt4fxrhu97pk65gkrymsj84dCustomizer> (0x0000000083e7f188) thrown at [./src/hotspot/share/classfile/systemDictionary.cpp, line 231]
Event: 11.510 Thread 0x00000227c19f1000 Exception <a 'java/lang/ClassNotFoundException'{0x0000000083507688}: org/gradle/api/internal/plugins/DefaultObjectConfigurationActionBeanInfo> (0x0000000083507688) thrown at [./src/hotspot/share/classfile/systemDictionary.cpp, line 231]
Event: 11.510 Thread 0x00000227c19f1000 Exception <a 'java/lang/ClassNotFoundException'{0x000000008353c778}: org/gradle/api/internal/plugins/DefaultObjectConfigurationActionCustomizer> (0x000000008353c778) thrown at [./src/hotspot/share/classfile/systemDictionary.cpp, line 231]

Events (20 events):
Event: 11.589 loading class com/android/build/gradle/internal/plugins/DslContainerProvider
Event: 11.589 loading class com/android/build/gradle/internal/plugins/DslContainerProvider done
Event: 11.589 loading class com/android/build/gradle/internal/errors/SyncIssueReporterImpl
Event: 11.589 loading class com/android/build/gradle/internal/errors/SyncIssueReporterImpl done
Event: 11.590 loading class com/android/build/gradle/internal/errors/DeprecationReporter
Event: 11.590 loading class com/android/build/gradle/internal/errors/DeprecationReporter done
Event: 11.591 loading class com/android/build/gradle/internal/dsl/AbstractPublishing
Event: 11.591 loading class com/android/build/gradle/internal/dsl/AbstractPublishing done
Event: 11.591 loading class com/android/build/gradle/internal/dsl/ApplicationPublishingImpl
Event: 11.591 loading class com/android/build/gradle/internal/dsl/ApplicationPublishingImpl done
Event: 11.591 loading class com/android/build/api/dsl/ApplicationPublishing
Event: 11.591 loading class com/android/build/api/dsl/ApplicationPublishing done
Event: 11.592 loading class com/android/build/api/dsl/Publishing
Event: 11.592 loading class com/android/build/api/dsl/Publishing done
Event: 11.593 loading class com/android/build/gradle/internal/dsl/LibraryPublishingImpl
Event: 11.593 loading class com/android/build/gradle/internal/dsl/LibraryPublishingImpl done
Event: 11.593 loading class com/android/build/api/dsl/LibraryPublishing
Event: 11.593 loading class com/android/build/api/dsl/LibraryPublishing done
Event: 11.594 loading class com/android/build/gradle/internal/TaskManager
Event: 11.594 loading class com/android/build/gradle/internal/TaskManager done


Dynamic libraries:
0x00007ff767e60000 - 0x00007ff767e6a000 	C:\Program Files\Android\Android Studio1\jre\bin\java.exe
0x00007fff221a0000 - 0x00007fff223a9000 	C:\WINDOWS\SYSTEM32\ntdll.dll
0x00007fff21270000 - 0x00007fff2132d000 	C:\WINDOWS\System32\KERNEL32.DLL
0x00007fff1fb70000 - 0x00007fff1fee4000 	C:\WINDOWS\System32\KERNELBASE.dll
0x00007fff1ff20000 - 0x00007fff20031000 	C:\WINDOWS\System32\ucrtbase.dll
0x00007fff05c40000 - 0x00007fff05c59000 	C:\Program Files\Android\Android Studio1\jre\bin\jli.dll
0x00007fff21450000 - 0x00007fff215fc000 	C:\WINDOWS\System32\USER32.dll
0x00007fff1fef0000 - 0x00007fff1ff16000 	C:\WINDOWS\System32\win32u.dll
0x00007fff20c60000 - 0x00007fff20c89000 	C:\WINDOWS\System32\GDI32.dll
0x00007fff1f820000 - 0x00007fff1f932000 	C:\WINDOWS\System32\gdi32full.dll
0x00007fff1f700000 - 0x00007fff1f79d000 	C:\WINDOWS\System32\msvcp_win.dll
0x00007fff05c60000 - 0x00007fff05c77000 	C:\Program Files\Android\Android Studio1\jre\bin\VCRUNTIME140.dll
0x00007fff0c240000 - 0x00007fff0c4e5000 	C:\WINDOWS\WinSxS\amd64_microsoft.windows.common-controls_6595b64144ccf1df_6.0.22000.120_none_9d947278b86cc467\COMCTL32.dll
0x00007fff20980000 - 0x00007fff20a23000 	C:\WINDOWS\System32\msvcrt.dll
0x00007fff21a20000 - 0x00007fff21a51000 	C:\WINDOWS\System32\IMM32.DLL
0x00007fff10a90000 - 0x00007fff10c86000 	C:\WINDOWS\system32\tmumh\20019\AddOn\8.55.0.1074\TmUmEvt64.dll
0x00007fff20040000 - 0x00007fff20048000 	C:\WINDOWS\System32\PSAPI.DLL
0x00007fff21a80000 - 0x00007fff21b2e000 	C:\WINDOWS\System32\ADVAPI32.dll
0x00007fff21980000 - 0x00007fff21a1e000 	C:\WINDOWS\System32\sechost.dll
0x00007fff20ea0000 - 0x00007fff20fc0000 	C:\WINDOWS\System32\RPCRT4.dll
0x000000006c270000 - 0x000000006c3e9000 	C:\WINDOWS\system32\tmumh\20019\TmMon\2.9.0.1020\tmmon64.dll
0x00007fff20e40000 - 0x00007fff20e9d000 	C:\WINDOWS\System32\SHLWAPI.dll
0x00007ffee2ed0000 - 0x00007ffee2f6d000 	C:\Program Files\Android\Android Studio1\jre\bin\msvcp140.dll
0x00007ffead2b0000 - 0x00007ffeadd85000 	C:\Program Files\Android\Android Studio1\jre\bin\server\jvm.dll
0x00007fff1b5b0000 - 0x00007fff1b5b9000 	C:\WINDOWS\SYSTEM32\WSOCK32.dll
0x00007fff210b0000 - 0x00007fff2111f000 	C:\WINDOWS\System32\WS2_32.dll
0x00007fff161a0000 - 0x00007fff161d3000 	C:\WINDOWS\SYSTEM32\WINMM.dll
0x00007fff0d9b0000 - 0x00007fff0d9ba000 	C:\WINDOWS\SYSTEM32\VERSION.dll
0x00007fff1e760000 - 0x00007fff1e778000 	C:\WINDOWS\SYSTEM32\kernel.appcore.dll
0x00007fff16290000 - 0x00007fff162a1000 	C:\Program Files\Android\Android Studio1\jre\bin\verify.dll
0x00007fff1c980000 - 0x00007fff1cba1000 	C:\WINDOWS\SYSTEM32\DBGHELP.DLL
0x00007fff0a2a0000 - 0x00007fff0a2d1000 	C:\WINDOWS\SYSTEM32\dbgcore.DLL
0x00007fff1f7a0000 - 0x00007fff1f81f000 	C:\WINDOWS\System32\bcryptPrimitives.dll
0x00007fff09400000 - 0x00007fff09429000 	C:\Program Files\Android\Android Studio1\jre\bin\java.dll
0x00007fff09d80000 - 0x00007fff09d8b000 	C:\Program Files\Android\Android Studio1\jre\bin\jimage.dll
0x00007fff078f0000 - 0x00007fff07908000 	C:\Program Files\Android\Android Studio1\jre\bin\zip.dll
0x00007fff20050000 - 0x00007fff207fe000 	C:\WINDOWS\System32\SHELL32.dll
0x00007fff1d7c0000 - 0x00007fff1e028000 	C:\WINDOWS\SYSTEM32\windows.storage.dll
0x00007fff21600000 - 0x00007fff21978000 	C:\WINDOWS\System32\combase.dll
0x00007fff1d650000 - 0x00007fff1d7b6000 	C:\WINDOWS\SYSTEM32\wintypes.dll
0x00007fff20b70000 - 0x00007fff20c5a000 	C:\WINDOWS\System32\SHCORE.dll
0x00007fff1f5c0000 - 0x00007fff1f5e1000 	C:\WINDOWS\SYSTEM32\profapi.dll
0x00007fff074d0000 - 0x00007fff074ea000 	C:\Program Files\Android\Android Studio1\jre\bin\net.dll
0x00007fff164b0000 - 0x00007fff165bc000 	C:\WINDOWS\SYSTEM32\WINHTTP.dll
0x00007fff1ec30000 - 0x00007fff1ec97000 	C:\WINDOWS\system32\mswsock.dll
0x00007fff05e70000 - 0x00007fff05e84000 	C:\Program Files\Android\Android Studio1\jre\bin\nio.dll
0x00007ffefb2d0000 - 0x00007ffefb2f7000 	C:\Users\yukiy\.gradle\native\e1d6ef7f7dcc3fd88c89a11ec53ec762bb8ba0a96d01ffa2cd45eb1d1d8dd5c5\windows-amd64\native-platform.dll
0x00007ffedc0e0000 - 0x00007ffedc224000 	C:\Users\yukiy\.gradle\native\5664cfc778a61ccfe75a443a1ab52a65af34e5dc3c78e0209fed803814484fcb\windows-amd64\native-platform-file-events.dll
0x00007fff1b760000 - 0x00007fff1b76a000 	C:\Program Files\Android\Android Studio1\jre\bin\management.dll
0x00007fff163b0000 - 0x00007fff163bd000 	C:\Program Files\Android\Android Studio1\jre\bin\management_ext.dll
0x00007fff1ee70000 - 0x00007fff1ee88000 	C:\WINDOWS\SYSTEM32\CRYPTSP.dll
0x00007fff1e6c0000 - 0x00007fff1e6f5000 	C:\WINDOWS\system32\rsaenh.dll
0x00007fff1ed20000 - 0x00007fff1ed49000 	C:\WINDOWS\SYSTEM32\USERENV.dll
0x00007fff1f070000 - 0x00007fff1f097000 	C:\WINDOWS\SYSTEM32\bcrypt.dll
0x00007fff1ee90000 - 0x00007fff1ee9c000 	C:\WINDOWS\SYSTEM32\CRYPTBASE.dll
0x00007fff1e270000 - 0x00007fff1e29d000 	C:\WINDOWS\SYSTEM32\IPHLPAPI.DLL
0x00007fff20e30000 - 0x00007fff20e39000 	C:\WINDOWS\System32\NSI.dll
0x00007fff16680000 - 0x00007fff16699000 	C:\WINDOWS\SYSTEM32\dhcpcsvc6.DLL
0x00007fff169b0000 - 0x00007fff169ce000 	C:\WINDOWS\SYSTEM32\dhcpcsvc.DLL
0x00007fff1e2a0000 - 0x00007fff1e387000 	C:\WINDOWS\SYSTEM32\DNSAPI.dll

dbghelp: loaded successfully - version: 4.0.5 - missing functions: none
symbol engine: initialized successfully - sym options: 0x614 - pdb path: .;C:\Program Files\Android\Android Studio1\jre\bin;C:\WINDOWS\SYSTEM32;C:\WINDOWS\WinSxS\amd64_microsoft.windows.common-controls_6595b64144ccf1df_6.0.22000.120_none_9d947278b86cc467;C:\WINDOWS\system32\tmumh\20019\AddOn\8.55.0.1074;C:\WINDOWS\system32\tmumh\20019\TmMon\2.9.0.1020;C:\Program Files\Android\Android Studio1\jre\bin\server;C:\Users\yukiy\.gradle\native\e1d6ef7f7dcc3fd88c89a11ec53ec762bb8ba0a96d01ffa2cd45eb1d1d8dd5c5\windows-amd64;C:\Users\yukiy\.gradle\native\5664cfc778a61ccfe75a443a1ab52a65af34e5dc3c78e0209fed803814484fcb\windows-amd64

VM Arguments:
jvm_args: --add-opens=java.base/java.util=ALL-UNNAMED --add-opens=java.base/java.lang=ALL-UNNAMED --add-opens=java.base/java.lang.invoke=ALL-UNNAMED --add-opens=java.base/java.util=ALL-UNNAMED --add-opens=java.prefs/java.util.prefs=ALL-UNNAMED --add-opens=java.prefs/java.util.prefs=ALL-UNNAMED --add-opens=java.base/java.nio.charset=ALL-UNNAMED --add-opens=java.base/java.net=ALL-UNNAMED --add-opens=java.base/java.util.concurrent.atomic=ALL-UNNAMED -Xmx2048m -Dfile.encoding=UTF-8 -Duser.country=US -Duser.language=en -Duser.variant 
java_command: org.gradle.launcher.daemon.bootstrap.GradleDaemon 7.2
java_class_path (initial): C:\Users\yukiy\.gradle\wrapper\dists\gradle-7.2-bin\2dnblmf4td7x66yl1d74lt32g\gradle-7.2\lib\gradle-launcher-7.2.jar
Launcher Type: SUN_STANDARD

[Global flags]
     intx CICompilerCount                          = 4                                         {product} {ergonomic}
     uint ConcGCThreads                            = 2                                         {product} {ergonomic}
     uint G1ConcRefinementThreads                  = 8                                         {product} {ergonomic}
   size_t G1HeapRegionSize                         = 1048576                                   {product} {ergonomic}
    uintx GCDrainStackTargetSize                   = 64                                        {product} {ergonomic}
   size_t InitialHeapSize                          = 134217728                                 {product} {ergonomic}
   size_t MarkStackSize                            = 4194304                                   {product} {ergonomic}
   size_t MaxHeapSize                              = 2147483648                                {product} {command line}
   size_t MaxNewSize                               = 1287651328                                {product} {ergonomic}
   size_t MinHeapDeltaBytes                        = 1048576                                   {product} {ergonomic}
    uintx NonNMethodCodeHeapSize                   = 5836300                                {pd product} {ergonomic}
    uintx NonProfiledCodeHeapSize                  = 122910970                              {pd product} {ergonomic}
    uintx ProfiledCodeHeapSize                     = 122910970                              {pd product} {ergonomic}
    uintx ReservedCodeCacheSize                    = 251658240                              {pd product} {ergonomic}
     bool SegmentedCodeCache                       = true                                      {product} {ergonomic}
     bool UseCompressedClassPointers               = true                                 {lp64_product} {ergonomic}
     bool UseCompressedOops                        = true                                 {lp64_product} {ergonomic}
     bool UseG1GC                                  = true                                      {product} {ergonomic}
     bool UseLargePagesIndividualAllocation        = false                                  {pd product} {ergonomic}

Logging:
Log output configuration:
 #0: stdout all=warning uptime,level,tags
 #1: stderr all=off uptime,level,tags

Environment Variables:
PATH=C:\ProgramData\Anaconda3;C:\ProgramData\Anaconda3\Library\mingw-w64\bin;C:\ProgramData\Anaconda3\Library\usr\bin;C:\ProgramData\Anaconda3\Library\bin;C:\ProgramData\Anaconda3\Scripts;C:\WINDOWS\system32;C:\WINDOWS;C:\WINDOWS\System32\Wbem;C:\WINDOWS\System32\WindowsPowerShell\v1.0\;C:\WINDOWS\System32\OpenSSH\;C:\Program Files (x86)\QuickTime\QTSystem\;C:\Program Files\Go\bin;C:\Program Files\Docker\Docker\resources\bin;C:\ProgramData\DockerDesktop\version-bin;C:\Program Files\Git\cmd;C:\Program Files\nodejs\;C:\Users\yukiy\AppData\Local\Microsoft\WindowsApps;C:\Users\yukiy\AppData\Local\Programs\Microsoft VS Code\bin;C:\Users\yukiy\go\bin;C:\Users\yukiy\AppData\Local\GitHubDesktop\bin;C:\Users\yukiy\AppData\Roaming\npm
USERNAME=yukiy
OS=Windows_NT
PROCESSOR_IDENTIFIER=Intel64 Family 6 Model 142 Stepping 10, GenuineIntel



---------------  S Y S T E M  ---------------

OS: Windows 10 , 64 bit Build 22000 (10.0.22000.434)
OS uptime: 4 days 10:31 hours
Hyper-V role detected

CPU:total 8 (initial active 8) (4 cores per cpu, 2 threads per core) family 6 model 142 stepping 10 microcode 0xec, cmov, cx8, fxsr, mmx, sse, sse2, sse3, ssse3, sse4.1, sse4.2, popcnt, avx, avx2, aes, clmul, erms, 3dnowpref, lzcnt, ht, tsc, tscinvbit, bmi1, bmi2, adx, fma

Memory: 4k page, system-wide physical 8109M (205M free)
TotalPageFile size 23222M (AvailPageFile size 10M)
current process WorkingSet (physical memory assigned to process): 283M, peak: 283M
current process commit charge ("private bytes"): 334M, peak: 334M

vm_info: OpenJDK 64-Bit Server VM (11.0.11+9-b60-7590822) for windows-amd64 JRE (11.0.11+9-b60-7590822), built on Jul 29 2021 21:43:44 by "builder" with MS VC++ 14.0 (VS2015)

END.
